<?xml version="1.0" encoding="UTF-8"?>
<testng-results skipped="0" failed="0" ignored="0" total="2" passed="2">
  <reporter-output>
  </reporter-output>
  <suite name="Suite" duration-ms="32" started-at="2018-11-21T22:35:48Z" finished-at="2018-11-21T22:35:48Z">
    <groups>
    </groups>
    <test name="Test" duration-ms="32" started-at="2018-11-21T22:35:48Z" finished-at="2018-11-21T22:35:48Z">
      <class name="tests.day2">
        <test-method status="PASS" signature="demo3()[pri:0, instance:tests.day2@6cc4c815]" name="demo3" duration-ms="2" started-at="2018-11-21T22:35:48Z" finished-at="2018-11-21T22:35:48Z">
          <reporter-output>
          </reporter-output>
        </test-method> <!-- demo3 -->
      </class> <!-- tests.day2 -->
      <class name="tests.day1">
        <test-method status="PASS" signature="prerequisete()[pri:0, instance:tests.day1@56f4468b]" name="prerequisete" is-config="true" duration-ms="8" started-at="2018-11-21T22:35:48Z" finished-at="2018-11-21T22:35:48Z">
          <reporter-output>
          </reporter-output>
        </test-method> <!-- prerequisete -->
        <test-method status="PASS" signature="demo()[pri:0, instance:tests.day1@56f4468b]" name="demo" duration-ms="4" started-at="2018-11-21T22:35:48Z" finished-at="2018-11-21T22:35:48Z">
          <reporter-output>
          </reporter-output>
        </test-method> <!-- demo -->
        <test-method status="PASS" signature="demo2()[pri:0, instance:tests.day1@56f4468b]" name="demo2" is-config="true" duration-ms="0" started-at="2018-11-21T22:35:48Z" finished-at="2018-11-21T22:35:48Z">
          <reporter-output>
          </reporter-output>
        </test-method> <!-- demo2 -->
      </class> <!-- tests.day1 -->
    </test> <!-- Test -->
  </suite> <!-- Suite -->
</testng-results>
