<?xml version="1.0" encoding="UTF-8"?>
<!-- Generated by org.testng.reporters.JUnitXMLReporter -->
<testsuite hostname="DESKTOP-B4Q7PII" ignored="1" name="Car loan" tests="2" failures="0" timestamp="21 Nov 2018 22:35:21 GMT" time="0.023" errors="0">
  <testcase name="loginApi" time="0.003" classname="tests.day3"/>
  <testcase name="webLogin" time="0.001" classname="tests.day3"/>
  <testcase name="mobileLogincarLoan" time="0.0" classname="tests.day3">
    <ignored/>
  </testcase> <!-- mobileLogincarLoan -->
</testsuite> <!-- Car loan -->
